<?xml version="1.0" encoding="UTF-8"?>
<testsuite name="org.twtpush.dao.DeveloperDaoTest" time="0.922" tests="9" errors="2" skipped="0" failures="0">
  <properties>
[...]
</properties>
  <testcase name="updateTokenByEmail" classname="org.twtpush.dao.DeveloperDaoTest" time="0.661"/>
  <testcase name="queryById" classname="org.twtpush.dao.DeveloperDaoTest" time="0.027"/>
  <testcase name="queryAll" classname="org.twtpush.dao.DeveloperDaoTest" time="0.004"/>
  <testcase name="add" classname="org.twtpush.dao.DeveloperDaoTest" time="0.102"/>
  <testcase name="queryByEmailAndPassword" classname="org.twtpush.dao.DeveloperDaoTest" time="0.003"/>
  <testcase name="queryByIdAndToken" classname="org.twtpush.dao.DeveloperDaoTest" time="0.007">
    <error type="java.lang.NullPointerException:">java.lang.NullPointerException: null
	at org.twtpush.dao.DeveloperDaoTest.queryByIdAndToken(DeveloperDaoTest.java:97)
</error>
    <system-out><![CDATA[16:52:05.826 [main] DEBUG org.mybatis.spring.SqlSessionUtils - Creating a new SqlSession
16:52:05.826 [main] DEBUG org.mybatis.spring.SqlSessionUtils - SqlSession [org.apache.ibatis.session.defaults.DefaultSqlSession@4b06814e] was not registered for synchronization because synchronization is not active
16:52:05.826 [main] DEBUG o.m.s.t.SpringManagedTransaction - JDBC Connection [com.mchange.v2.c3p0.impl.NewProxyConnection@1b7dc804] will not be managed by Spring
16:52:05.826 [main] DEBUG o.t.d.DeveloperDao.queryByIdAndToken - ==>  Preparing: SELECT * FROM developers WHERE developer_id = ? and developer_token=? 
16:52:05.827 [main] DEBUG o.t.d.DeveloperDao.queryByIdAndToken - ==> Parameters: 1(Long), testnewtokenbyid(String)
16:52:05.827 [main] DEBUG o.t.d.DeveloperDao.queryByIdAndToken - <==      Total: 0
16:52:05.827 [main] DEBUG org.mybatis.spring.SqlSessionUtils - Closing non transactional SqlSession [org.apache.ibatis.session.defaults.DefaultSqlSession@4b06814e]
]]></system-out>
  </testcase>
  <testcase name="updateTokenById" classname="org.twtpush.dao.DeveloperDaoTest" time="0.053"/>
  <testcase name="queryByEmail" classname="org.twtpush.dao.DeveloperDaoTest" time="0.004">
    <error message="nested exception is org.apache.ibatis.exceptions.TooManyResultsException: Expected one result (or null) to be returned by selectOne(), but found: 2" type="org.mybatis.spring.MyBatisSystemException">org.mybatis.spring.MyBatisSystemException: nested exception is org.apache.ibatis.exceptions.TooManyResultsException: Expected one result (or null) to be returned by selectOne(), but found: 2
	at org.apache.ibatis.session.defaults.DefaultSqlSession.selectOne(DefaultSqlSession.java:77)
	at sun.reflect.NativeMethodAccessorImpl.invoke0(Native Method)
	at sun.reflect.NativeMethodAccessorImpl.invoke(NativeMethodAccessorImpl.java:57)
	at sun.reflect.DelegatingMethodAccessorImpl.invoke(DelegatingMethodAccessorImpl.java:43)
	at java.lang.reflect.Method.invoke(Method.java:606)
	at org.mybatis.spring.SqlSessionTemplate$SqlSessionInterceptor.invoke(SqlSessionTemplate.java:386)
	at com.sun.proxy.$Proxy12.selectOne(Unknown Source)
	at org.mybatis.spring.SqlSessionTemplate.selectOne(SqlSessionTemplate.java:165)
	at org.apache.ibatis.binding.MapperMethod.execute(MapperMethod.java:69)
	at org.apache.ibatis.binding.MapperProxy.invoke(MapperProxy.java:53)
	at com.sun.proxy.$Proxy13.queryByEmail(Unknown Source)
	at org.twtpush.dao.DeveloperDaoTest.queryByEmail(DeveloperDaoTest.java:40)
</error>
    <system-out><![CDATA[16:52:05.888 [main] DEBUG org.mybatis.spring.SqlSessionUtils - Creating a new SqlSession
16:52:05.888 [main] DEBUG org.mybatis.spring.SqlSessionUtils - SqlSession [org.apache.ibatis.session.defaults.DefaultSqlSession@66f043ea] was not registered for synchronization because synchronization is not active
16:52:05.888 [main] DEBUG o.m.s.t.SpringManagedTransaction - JDBC Connection [com.mchange.v2.c3p0.impl.NewProxyConnection@4ab944df] will not be managed by Spring
16:52:05.889 [main] DEBUG o.t.dao.DeveloperDao.queryByEmail - ==>  Preparing: SELECT * FROM developers WHERE developer_email = ? 
16:52:05.889 [main] DEBUG o.t.dao.DeveloperDao.queryByEmail - ==> Parameters: testemail@testemail.com(String)
16:52:05.890 [main] DEBUG o.t.dao.DeveloperDao.queryByEmail - <==      Total: 2
16:52:05.891 [main] DEBUG org.mybatis.spring.SqlSessionUtils - Closing non transactional SqlSession [org.apache.ibatis.session.defaults.DefaultSqlSession@66f043ea]
]]></system-out>
  </testcase>
  <testcase name="updatePassword" classname="org.twtpush.dao.DeveloperDaoTest" time="0.061"/>
</testsuite>