<?xml version="1.0" encoding="UTF-8"?>
<testsuite name="org.twtpush.dao.AppDaoTest" time="0.217" tests="9" errors="2" skipped="0" failures="0">
  <properties>
[...]
</properties>
  <testcase name="queryById" classname="org.twtpush.dao.AppDaoTest" time="0.002">
    <error type="java.lang.NullPointerException:">java.lang.NullPointerException: null
	at org.twtpush.dao.AppDaoTest.queryById(AppDaoTest.java:42)
</error>
    <system-out><![CDATA[16:52:06.015 [main] DEBUG org.mybatis.spring.SqlSessionUtils - Creating a new SqlSession
16:52:06.015 [main] DEBUG org.mybatis.spring.SqlSessionUtils - SqlSession [org.apache.ibatis.session.defaults.DefaultSqlSession@37e367f4] was not registered for synchronization because synchronization is not active
16:52:06.016 [main] DEBUG o.m.s.t.SpringManagedTransaction - JDBC Connection [com.mchange.v2.c3p0.impl.NewProxyConnection@4ff41ba0] will not be managed by Spring
16:52:06.016 [main] DEBUG org.twtpush.dao.AppDao.queryById - ==>  Preparing: SELECT * FROM apps WHERE app_id = ? 
16:52:06.016 [main] DEBUG org.twtpush.dao.AppDao.queryById - ==> Parameters: 1(Long)
16:52:06.016 [main] DEBUG org.twtpush.dao.AppDao.queryById - <==      Total: 0
16:52:06.017 [main] DEBUG org.mybatis.spring.SqlSessionUtils - Closing non transactional SqlSession [org.apache.ibatis.session.defaults.DefaultSqlSession@37e367f4]
]]></system-out>
    <system-err><![CDATA[八月 22, 2016 4:52:06 下午 org.springframework.test.context.support.DefaultTestContextBootstrapper getDefaultTestExecutionListenerClassNames
信息: Loaded default TestExecutionListener class names from location [META-INF/spring.factories]: [org.springframework.test.context.web.ServletTestExecutionListener, org.springframework.test.context.support.DependencyInjectionTestExecutionListener, org.springframework.test.context.support.DirtiesContextTestExecutionListener, org.springframework.test.context.transaction.TransactionalTestExecutionListener, org.springframework.test.context.jdbc.SqlScriptsTestExecutionListener]
八月 22, 2016 4:52:06 下午 org.springframework.test.context.support.DefaultTestContextBootstrapper getTestExecutionListeners
信息: Using TestExecutionListeners: [org.springframework.test.context.web.ServletTestExecutionListener@d33eaa9, org.springframework.test.context.support.DependencyInjectionTestExecutionListener@4b730404, org.springframework.test.context.support.DirtiesContextTestExecutionListener@6c0cc94e, org.springframework.test.context.transaction.TransactionalTestExecutionListener@3b74574d, org.springframework.test.context.jdbc.SqlScriptsTestExecutionListener@530f9eb9]
]]></system-err>
  </testcase>
  <testcase name="resetAppById" classname="org.twtpush.dao.AppDaoTest" time="0.081"/>
  <testcase name="deleteAppById" classname="org.twtpush.dao.AppDaoTest" time="0.002"/>
  <testcase name="findAll" classname="org.twtpush.dao.AppDaoTest" time="0.004"/>
  <testcase name="queryByDeveloperId" classname="org.twtpush.dao.AppDaoTest" time="0.008"/>
  <testcase name="findByName" classname="org.twtpush.dao.AppDaoTest" time="0.002">
    <error type="java.lang.NullPointerException:">java.lang.NullPointerException: null
	at org.twtpush.dao.AppDaoTest.findByName(AppDaoTest.java:49)
</error>
    <system-out><![CDATA[16:52:06.115 [main] DEBUG org.mybatis.spring.SqlSessionUtils - Creating a new SqlSession
16:52:06.115 [main] DEBUG org.mybatis.spring.SqlSessionUtils - SqlSession [org.apache.ibatis.session.defaults.DefaultSqlSession@32323b40] was not registered for synchronization because synchronization is not active
16:52:06.115 [main] DEBUG o.m.s.t.SpringManagedTransaction - JDBC Connection [com.mchange.v2.c3p0.impl.NewProxyConnection@30d091c0] will not be managed by Spring
16:52:06.115 [main] DEBUG org.twtpush.dao.AppDao.findByName - ==>  Preparing: SELECT * FROM apps WHERE app_name = ? 
16:52:06.116 [main] DEBUG org.twtpush.dao.AppDao.findByName - ==> Parameters: new name(String)
16:52:06.116 [main] DEBUG org.twtpush.dao.AppDao.findByName - <==      Total: 0
16:52:06.116 [main] DEBUG org.mybatis.spring.SqlSessionUtils - Closing non transactional SqlSession [org.apache.ibatis.session.defaults.DefaultSqlSession@32323b40]
]]></system-out>
  </testcase>
  <testcase name="changeAppNameById" classname="org.twtpush.dao.AppDaoTest" time="0.06"/>
  <testcase name="add" classname="org.twtpush.dao.AppDaoTest" time="0.055"/>
  <testcase name="findByKeySecretKey" classname="org.twtpush.dao.AppDaoTest" time="0.003"/>
</testsuite>