<?xml version="1.0" encoding="UTF-8"?>
<testsuite name="org.twtpush.service.IDeveloperServiceTest" time="0.049" tests="7" errors="1" skipped="0" failures="0">
  <properties>
[...]
</properties>
  <testcase name="logout" classname="org.twtpush.service.IDeveloperServiceTest" time="0.032"/>
  <testcase name="register" classname="org.twtpush.service.IDeveloperServiceTest" time="0"/>
  <testcase name="login" classname="org.twtpush.service.IDeveloperServiceTest" time="0.008"/>
  <testcase name="changePassword" classname="org.twtpush.service.IDeveloperServiceTest" time="0.002"/>
  <testcase name="getDeveloperById" classname="org.twtpush.service.IDeveloperServiceTest" time="0.002"/>
  <testcase name="getDeveloperList" classname="org.twtpush.service.IDeveloperServiceTest" time="0.003"/>
  <testcase name="checkDeveloper" classname="org.twtpush.service.IDeveloperServiceTest" time="0.002">
    <error type="java.lang.NullPointerException:">java.lang.NullPointerException: null
	at org.twtpush.service.impl.DeveloperServiceImpl.checkDeveloper(DeveloperServiceImpl.java:139)
	at sun.reflect.NativeMethodAccessorImpl.invoke0(Native Method)
	at sun.reflect.NativeMethodAccessorImpl.invoke(NativeMethodAccessorImpl.java:57)
	at sun.reflect.DelegatingMethodAccessorImpl.invoke(DelegatingMethodAccessorImpl.java:43)
	at java.lang.reflect.Method.invoke(Method.java:606)
	at org.springframework.aop.support.AopUtils.invokeJoinpointUsingReflection(AopUtils.java:317)
	at org.springframework.aop.framework.JdkDynamicAopProxy.invoke(JdkDynamicAopProxy.java:201)
	at com.sun.proxy.$Proxy25.checkDeveloper(Unknown Source)
	at org.twtpush.service.IDeveloperServiceTest.checkDeveloper(IDeveloperServiceTest.java:82)
</error>
    <system-out><![CDATA[16:52:06.930 [main] DEBUG org.mybatis.spring.SqlSessionUtils - Creating a new SqlSession
16:52:06.930 [main] DEBUG org.mybatis.spring.SqlSessionUtils - SqlSession [org.apache.ibatis.session.defaults.DefaultSqlSession@87409cf] was not registered for synchronization because synchronization is not active
16:52:06.930 [main] DEBUG o.m.s.t.SpringManagedTransaction - JDBC Connection [com.mchange.v2.c3p0.impl.NewProxyConnection@639cc8fd] will not be managed by Spring
16:52:06.930 [main] DEBUG o.t.d.DeveloperDao.queryByIdAndToken - ==>  Preparing: SELECT * FROM developers WHERE developer_id = ? and developer_token=? 
16:52:06.930 [main] DEBUG o.t.d.DeveloperDao.queryByIdAndToken - ==> Parameters: 3(Long), dae71bb9116f0993a5d9b92ad77fd02e(String)
16:52:06.931 [main] DEBUG o.t.d.DeveloperDao.queryByIdAndToken - <==      Total: 0
16:52:06.931 [main] DEBUG org.mybatis.spring.SqlSessionUtils - Closing non transactional SqlSession [org.apache.ibatis.session.defaults.DefaultSqlSession@87409cf]
]]></system-out>
  </testcase>
</testsuite>